0 info it worked if it ends with ok
1 verbose cli [ '/usr/local/bin/node', '/usr/local/bin/npm', 'run', 'pull' ]
2 info using npm@3.10.3
3 info using node@v6.6.0
4 verbose run-script [ 'prepull', 'pull', 'postpull' ]
5 info lifecycle quickstart@1.1.0~prepull: quickstart@1.1.0
6 silly lifecycle quickstart@1.1.0~prepull: no script for prepull, continuing
7 info lifecycle quickstart@1.1.0~pull: quickstart@1.1.0
8 verbose lifecycle quickstart@1.1.0~pull: unsafe-perm in lifecycle true
9 verbose lifecycle quickstart@1.1.0~pull: PATH: /usr/local/lib/node_modules/npm/bin/node-gyp-bin:/home/nchigryay/www/smproto/httpdocs/node_modules/.bin:/usr/local/bin:/usr/local/bin:/bin:/usr/bin:/usr/local/sbin:/usr/sbin:/sbin:/home/nchigryay/bin
10 verbose lifecycle quickstart@1.1.0~pull: CWD: /home/nchigryay/www/smproto/httpdocs
11 silly lifecycle quickstart@1.1.0~pull: Args: [ '-c',
11 silly lifecycle   'git pull origin master && yarn && NODE_ENV=production webpack --progress' ]
12 silly lifecycle quickstart@1.1.0~pull: Returned: code: 2  signal: null
13 info lifecycle quickstart@1.1.0~pull: Failed to exec pull script
14 verbose stack Error: quickstart@1.1.0 pull: `git pull origin master && yarn && NODE_ENV=production webpack --progress`
14 verbose stack Exit status 2
14 verbose stack     at EventEmitter.<anonymous> (/usr/local/lib/node_modules/npm/lib/utils/lifecycle.js:242:16)
14 verbose stack     at emitTwo (events.js:106:13)
14 verbose stack     at EventEmitter.emit (events.js:191:7)
14 verbose stack     at ChildProcess.<anonymous> (/usr/local/lib/node_modules/npm/lib/utils/spawn.js:40:14)
14 verbose stack     at emitTwo (events.js:106:13)
14 verbose stack     at ChildProcess.emit (events.js:191:7)
14 verbose stack     at maybeClose (internal/child_process.js:877:16)
14 verbose stack     at Process.ChildProcess._handle.onexit (internal/child_process.js:226:5)
15 verbose pkgid quickstart@1.1.0
16 verbose cwd /home/nchigryay/www/smproto/httpdocs
17 error Linux 2.6.32-48-pve
18 error argv "/usr/local/bin/node" "/usr/local/bin/npm" "run" "pull"
19 error node v6.6.0
20 error npm  v3.10.3
21 error code ELIFECYCLE
22 error quickstart@1.1.0 pull: `git pull origin master && yarn && NODE_ENV=production webpack --progress`
22 error Exit status 2
23 error Failed at the quickstart@1.1.0 pull script 'git pull origin master && yarn && NODE_ENV=production webpack --progress'.
23 error Make sure you have the latest version of node.js and npm installed.
23 error If you do, this is most likely a problem with the quickstart package,
23 error not with npm itself.
23 error Tell the author that this fails on your system:
23 error     git pull origin master && yarn && NODE_ENV=production webpack --progress
23 error You can get information on how to open an issue for this project with:
23 error     npm bugs quickstart
23 error Or if that isn't available, you can get their info via:
23 error     npm owner ls quickstart
23 error There is likely additional logging output above.
24 verbose exit [ 1, true ]
